<?xml version="1.0" encoding="UTF-8"?>
<!-- Generated by org.testng.reporters.JUnitXMLReporter -->
<testsuite ignored="0" hostname="HariDarshana" failures="0" tests="4" name="Default test" time="91.575" errors="0" timestamp="2022-12-15T12:38:21 CST">
  <testcase classname="loginUsingDataProvider.Login" name="loginWithBothCorrect" time="35.075"/>
  <testcase classname="loginUsingDataProvider.Login" name="loginWithBothCorrect" time="18.166"/>
  <testcase classname="loginUsingDataProvider.Login" name="loginWithBothCorrect" time="17.768"/>
  <testcase classname="loginUsingDataProvider.Login" name="loginWithBothCorrect" time="20.447"/>
</testsuite> <!-- Default test -->
