<?xml version="1.0" encoding="UTF-8"?>
<testng-results ignored="0" total="1" passed="1" failed="0" skipped="0">
  <reporter-output>
  </reporter-output>
  <suite started-at="2024-01-09T09:22:42 CST" name="Login Test Suite" finished-at="2024-01-09T09:23:54 CST" duration-ms="71844">
    <groups>
    </groups>
    <test started-at="2024-01-09T09:22:42 CST" name="CorrectUserNameAndPassword" finished-at="2024-01-09T09:23:54 CST" duration-ms="71844">
      <class name="loginUsingParameterization.BothCorrect">
        <test-method is-config="true" signature="beforetest()[pri:0, instance:loginUsingParameterization.BothCorrect@53ce1329]" started-at="2024-01-09T09:22:42 CST" name="beforetest" finished-at="2024-01-09T09:23:12 CST" duration-ms="30171" status="PASS">
          <reporter-output>
          </reporter-output>
        </test-method> <!-- beforetest -->
        <test-method signature="loginWithBothCorrect(java.lang.String,java.lang.String)[pri:0, instance:loginUsingParameterization.BothCorrect@53ce1329]" started-at="2024-01-09T09:23:12 CST" name="loginWithBothCorrect" finished-at="2024-01-09T09:23:50 CST" duration-ms="37388" status="PASS">
          <params>
            <param index="0">
              <value>
                <![CDATA[rekaharisri@gmail.com]]>
              </value>
            </param>
            <param index="1">
              <value>
                <![CDATA[Admi2/888''']]>
              </value>
            </param>
          </params>
          <reporter-output>
          </reporter-output>
        </test-method> <!-- loginWithBothCorrect -->
        <test-method is-config="true" signature="aftertest()[pri:0, instance:loginUsingParameterization.BothCorrect@53ce1329]" started-at="2024-01-09T09:23:50 CST" name="aftertest" finished-at="2024-01-09T09:23:54 CST" duration-ms="3799" status="PASS">
          <reporter-output>
          </reporter-output>
        </test-method> <!-- aftertest -->
      </class> <!-- loginUsingParameterization.BothCorrect -->
    </test> <!-- CorrectUserNameAndPassword -->
  </suite> <!-- Login Test Suite -->
</testng-results>
