<?xml version="1.0" encoding="UTF-8"?>
<!-- Generated by org.testng.reporters.JUnitXMLReporter -->
<testsuite ignored="0" hostname="HariDarshana" failures="0" tests="4" name="Login Test Case" time="83.524" errors="0" timestamp="2022-11-23T14:47:26 CST">
  <testcase classname="loginTestCases.CorrectUserName" name="loginWithCorrectUserName" time="17.215"/>
  <testcase classname="loginTestCases.CorrectPassword" name="loginWithCorrectPassword" time="19.368"/>
  <testcase classname="loginTestCases.BothCorrect" name="loginWithBothCorrect" time="26.29"/>
  <testcase classname="loginTestCases.BothWrong" name="loginWithBothWrong" time="20.534"/>
</testsuite> <!-- Login Test Case -->
