<?xml version="1.0" encoding="UTF-8"?>
<!-- Generated by org.testng.reporters.JUnitXMLReporter -->
<testsuite ignored="0" hostname="HariDarshana" failures="0" tests="4" name="Login To Application" time="63.778" errors="0" timestamp="2022-11-25T13:50:22 CST">
  <testcase classname="loginUsingDataProvider.Login" name="loginWithBothCorrect" time="22.293"/>
  <testcase classname="loginUsingDataProvider.Login" name="loginWithBothCorrect" time="15.272"/>
  <testcase classname="loginUsingDataProvider.Login" name="loginWithBothCorrect" time="12.68"/>
  <testcase classname="loginUsingDataProvider.Login" name="loginWithBothCorrect" time="13.409"/>
</testsuite> <!-- Login To Application -->
