<?xml version="1.0" encoding="UTF-8"?>
<!-- Generated by org.testng.reporters.JUnitXMLReporter -->
<testsuite ignored="0" hostname="HariDarshana" failures="0" tests="4" name="Login To Application" time="81.169" errors="0" timestamp="2024-01-08T18:12:25 CST">
  <testcase classname="loginUsingDataProvider.Login" name="loginWithParameters" time="26.398"/>
  <testcase classname="loginUsingDataProvider.Login" name="loginWithParameters" time="23.843"/>
  <testcase classname="loginUsingDataProvider.Login" name="loginWithParameters" time="15.645"/>
  <testcase classname="loginUsingDataProvider.Login" name="loginWithParameters" time="15.134"/>
</testsuite> <!-- Login To Application -->
